<?xml version="1.0" encoding="UTF-8"?>
<testng-results ignored="0" total="1" passed="1" failed="0" skipped="0">
  <reporter-output>
  </reporter-output>
  <suite started-at="2023-06-15T11:42:04 IST" name="Suite" finished-at="2023-06-15T11:42:13 IST" duration-ms="8916">
    <groups>
    </groups>
    <test started-at="2023-06-15T11:42:04 IST" name="Test" finished-at="2023-06-15T11:42:13 IST" duration-ms="8916">
      <class name="Package_Get_Request.Get_Class">
        <test-method signature="execute()[pri:0, instance:Package_Get_Request.Get_Class@117159c0]" started-at="2023-06-15T11:42:04 IST" name="execute" finished-at="2023-06-15T11:42:13 IST" duration-ms="8647" status="PASS">
          <reporter-output>
          </reporter-output>
        </test-method> <!-- execute -->
      </class> <!-- Package_Get_Request.Get_Class -->
    </test> <!-- Test -->
  </suite> <!-- Suite -->
</testng-results>
